#### 12/07/2020

Remoção de CSS não usado, apontado vide: https://www.jitbit.com/unusedcss/
o que eu encontrei foi comentado, por hora. Validação posterior apontou
que não houve nenhum malefício.

```
#nav-toggle.active span
.default-blue
.title span
.newsletter .newsletter-container .newsletter-form-container .newsletter-form button[type="submit"] svg
.newsletter .newsletter-container .newsletter-form-container .newsletter-form ::-webkit-input-placeholder
.newsletter .newsletter-container .newsletter-form-container .newsletter-form ::placeholder
#faq .container
#faq .accordion .accordion-item button[aria-expanded="true"]
#faq .accordion button[aria-expanded="true"]
#faq .accordion button[aria-expanded="true"] + .accordion-content
#projetos body
```

Remoção da bibiliote FONT AWESOME JS, foi identificado que estava sendo importada apenas para
inputar um ícone no botão de submit da newsletter. Isso foi substituido por um arquivo SVG local,
mantendo a mesma aparência.

Alterado ícone do site para uma versão mais colorida e chamativa, foi alterado drásticamente então está
sujeito a aprovação.

Alterado logotipo do site para uma versão mais colorida e ajustado alinhamento vertical.